<?xml version="1.0" encoding="UTF-8"?>
<testsuite name="validation.TypeValidationTest" tests="1" skipped="0" failures="0" errors="0" timestamp="2022-04-04T16:02:53" hostname="Utkashs-MacBook-Pro.local" time="0.011">
  <properties/>
  <testcase name="test()" classname="validation.TypeValidationTest" time="0.011"/>
  <system-out><![CDATA[]]></system-out>
  <system-err><![CDATA[]]></system-err>
</testsuite>
